<?xml version="1.0" encoding="UTF-8"?>
<testsuite xmlns:xsi="http://www.w3.org/2001/XMLSchema-instance" xsi:noNamespaceSchemaLocation="https://maven.apache.org/surefire/maven-surefire-plugin/xsd/surefire-test-report-3.0.xsd" version="3.0" name="com.trainbooking.api.TicketControllerTest" time="6.874" tests="5" errors="0" skipped="0" failures="2">
  <properties>
[...]
</properties>
  <testcase name="testGetUsersBySection" classname="com.trainbooking.api.TicketControllerTest" time="0.793">
    <failure message="No value at JSON path &quot;$[0].from&quot;" type="java.lang.AssertionError"><![CDATA[java.lang.AssertionError: No value at JSON path "$[0].from"
	at org.springframework.test.util.JsonPathExpectationsHelper.evaluateJsonPath(JsonPathExpectationsHelper.java:302)
	at org.springframework.test.util.JsonPathExpectationsHelper.assertValue(JsonPathExpectationsHelper.java:99)
	at org.springframework.test.web.servlet.result.JsonPathResultMatchers.lambda$value$2(JsonPathResultMatchers.java:111)
	at org.springframework.test.web.servlet.MockMvc$1.andExpect(MockMvc.java:214)
	at com.trainbooking.api.TicketControllerTest.testGetUsersBySection(TicketControllerTest.java:80)
	at java.base/java.lang.reflect.Method.invoke(Method.java:580)
	at java.base/java.util.ArrayList.forEach(ArrayList.java:1597)
	at java.base/java.util.ArrayList.forEach(ArrayList.java:1597)
Caused by: com.jayway.jsonpath.PathNotFoundException: No results for path: $[0]['from']
]]></failure>
    <system-out><![CDATA[17:44:02.257 [main] INFO org.springframework.test.context.support.AnnotationConfigContextLoaderUtils -- Could not detect default configuration classes for test class [com.trainbooking.api.TicketControllerTest]: TicketControllerTest does not declare any static, non-private, non-final, nested classes annotated with @Configuration.
17:44:02.438 [main] INFO org.springframework.boot.test.context.SpringBootTestContextBootstrapper -- Found @SpringBootConfiguration com.trainbooking.TrainBookingAppApplication for test class com.trainbooking.api.TicketControllerTest

  .   ____          _            __ _ _
 /\\ / ___'_ __ _ _(_)_ __  __ _ \ \ \ \
( ( )\___ | '_ | '_| | '_ \/ _` | \ \ \ \
 \\/  ___)| |_)| | | | | || (_| |  ) ) ) )
  '  |____| .__|_| |_|_| |_\__, | / / / /
 =========|_|==============|___/=/_/_/_/
 :: Spring Boot ::                (v3.2.5)

2024-05-19T17:44:03.243+05:30  INFO 47180 --- [           main] c.trainbooking.api.TicketControllerTest  : Starting TicketControllerTest using Java 22.0.1 with PID 47180 (started by nilesh.prasad in C:\Users\nilesh.prasad\eclipse-workspace\TrainBookingApp)
2024-05-19T17:44:03.245+05:30  INFO 47180 --- [           main] c.trainbooking.api.TicketControllerTest  : No active profile set, falling back to 1 default profile: "default"
2024-05-19T17:44:07.557+05:30  INFO 47180 --- [           main] o.s.b.t.m.w.SpringBootMockServletContext : Initializing Spring TestDispatcherServlet ''
2024-05-19T17:44:07.558+05:30  INFO 47180 --- [           main] o.s.t.web.servlet.TestDispatcherServlet  : Initializing Servlet ''
2024-05-19T17:44:07.563+05:30  INFO 47180 --- [           main] o.s.t.web.servlet.TestDispatcherServlet  : Completed initialization in 3 ms
2024-05-19T17:44:07.655+05:30  INFO 47180 --- [           main] c.trainbooking.api.TicketControllerTest  : Started TicketControllerTest in 5.119 seconds (process running for 6.313)

MockHttpServletRequest:
      HTTP Method = GET
      Request URI = /api/tickets/section/A
       Parameters = {}
          Headers = []
             Body = null
    Session Attrs = {}

Handler:
             Type = com.trainbooking.api.TicketController
           Method = com.trainbooking.api.TicketController#getUsersBySection(String)

Async:
    Async started = false
     Async result = null

Resolved Exception:
             Type = null

ModelAndView:
        View name = null
             View = null
            Model = null

FlashMap:
       Attributes = null

MockHttpServletResponse:
           Status = 200
    Error message = null
          Headers = [Content-Type:"application/json"]
     Content type = application/json
             Body = []
    Forwarded URL = null
   Redirected URL = null
          Cookies = []
]]></system-out>
    <system-err><![CDATA[WARNING: A Java agent has been loaded dynamically (C:\Users\nilesh.prasad\.m2\repository\net\bytebuddy\byte-buddy-agent\1.14.9\byte-buddy-agent-1.14.9.jar)
WARNING: If a serviceability tool is in use, please run with -XX:+EnableDynamicAgentLoading to hide this warning
WARNING: If a serviceability tool is not in use, please run with -Djdk.instrument.traceUsage for more information
WARNING: Dynamic loading of agents will be disallowed by default in a future release
]]></system-err>
  </testcase>
  <testcase name="testPurchaseTicket" classname="com.trainbooking.api.TicketControllerTest" time="0.293"/>
  <testcase name="testRemoveUser" classname="com.trainbooking.api.TicketControllerTest" time="0.051"/>
  <testcase name="testModifySeat" classname="com.trainbooking.api.TicketControllerTest" time="0.028"/>
  <testcase name="testGetReceipt" classname="com.trainbooking.api.TicketControllerTest" time="0.017">
    <failure message="No value at JSON path &quot;$.from&quot;" type="java.lang.AssertionError"><![CDATA[java.lang.AssertionError: No value at JSON path "$.from"
	at org.springframework.test.util.JsonPathExpectationsHelper.evaluateJsonPath(JsonPathExpectationsHelper.java:302)
	at org.springframework.test.util.JsonPathExpectationsHelper.assertValue(JsonPathExpectationsHelper.java:99)
	at org.springframework.test.web.servlet.result.JsonPathResultMatchers.lambda$value$2(JsonPathResultMatchers.java:111)
	at org.springframework.test.web.servlet.MockMvc$1.andExpect(MockMvc.java:214)
	at com.trainbooking.api.TicketControllerTest.testGetReceipt(TicketControllerTest.java:66)
	at java.base/java.lang.reflect.Method.invoke(Method.java:580)
	at java.base/java.util.ArrayList.forEach(ArrayList.java:1597)
	at java.base/java.util.ArrayList.forEach(ArrayList.java:1597)
Caused by: java.lang.IllegalArgumentException: root can not be null
	at com.jayway.jsonpath.internal.Utils.notNull(Utils.java:315)
	at com.jayway.jsonpath.internal.path.EvaluationContextImpl.<init>(EvaluationContextImpl.java:61)
	at com.jayway.jsonpath.internal.path.CompiledPath.evaluate(CompiledPath.java:96)
	at com.jayway.jsonpath.internal.path.CompiledPath.evaluate(CompiledPath.java:107)
	at com.jayway.jsonpath.JsonPath.read(JsonPath.java:191)
	at com.jayway.jsonpath.JsonPath.read(JsonPath.java:393)
	at com.jayway.jsonpath.JsonPath.read(JsonPath.java:377)
	at org.springframework.test.util.JsonPathExpectationsHelper.evaluateJsonPath(JsonPathExpectationsHelper.java:299)
	... 7 more
]]></failure>
    <system-out><![CDATA[
MockHttpServletRequest:
      HTTP Method = GET
      Request URI = /api/tickets/receipt/john.doe@example.com
       Parameters = {}
          Headers = []
             Body = null
    Session Attrs = {}

Handler:
             Type = com.trainbooking.api.TicketController
           Method = com.trainbooking.api.TicketController#getReceipt(String)

Async:
    Async started = false
     Async result = null

Resolved Exception:
             Type = null

ModelAndView:
        View name = null
             View = null
            Model = null

FlashMap:
       Attributes = null

MockHttpServletResponse:
           Status = 200
    Error message = null
          Headers = [Content-Disposition:"inline;filename=f.txt", Content-Type:"application/json"]
     Content type = application/json
             Body = null
    Forwarded URL = null
   Redirected URL = null
          Cookies = []
]]></system-out>
  </testcase>
</testsuite>